app/build/intermediates/manifest_merge_blame_file/debug/processDebugMainManifest/manifest-merger-blame-debug-report.txt
1<?xml version="1.0" encoding="utf-8"?>
2<manifest xmlns:android="http://schemas.android.com/apk/res/android"
3    package="com.example.mypillpal"
4    android:versionCode="1"
5    android:versionName="1.0" >
6
7    <uses-sdk
7-->INJECTED
8        android:minSdkVersion="28"
8-->INJECTED
9        android:targetSdkVersion="37" />
9-->INJECTED
10
11    <uses-permission android:name="android.permission.INTERNET" />
11-->src\main\AndroidManifest.xml:5:5-67
11-->src\main\AndroidManifest.xml:5:22-64
12    <uses-permission
12-->src\main\AndroidManifest.xml:7:5-106
13        android:name="android.permission.SCHEDULE_EXACT_ALARM"
13-->src\main\AndroidManifest.xml:7:22-76
14        android:maxSdkVersion="32" />
14-->src\main\AndroidManifest.xml:7:77-103
15    <uses-permission android:name="android.permission.USE_EXACT_ALARM" />
15-->src\main\AndroidManifest.xml:8:5-74
15-->src\main\AndroidManifest.xml:8:22-71
16    <uses-permission android:name="android.permission.POST_NOTIFICATIONS" />
16-->src\main\AndroidManifest.xml:9:5-77
16-->src\main\AndroidManifest.xml:9:22-74
17    <uses-permission android:name="android.permission.RECEIVE_BOOT_COMPLETED" />
17-->src\main\AndroidManifest.xml:10:5-81
17-->src\main\AndroidManifest.xml:10:22-78
18    <uses-permission android:name="android.permission.USE_FULL_SCREEN_INTENT" />
18-->src\main\AndroidManifest.xml:11:5-81
18-->src\main\AndroidManifest.xml:11:22-78
19
20    <permission
20-->[androidx.core:core:1.19.0] AndroidManifest.xml:22:5-24:47
21        android:name="com.example.mypillpal.DYNAMIC_RECEIVER_NOT_EXPORTED_PERMISSION"
21-->[androidx.core:core:1.19.0] AndroidManifest.xml:23:9-81
22        android:protectionLevel="signature" />
22-->[androidx.core:core:1.19.0] AndroidManifest.xml:24:9-44
23
24    <uses-permission android:name="com.example.mypillpal.DYNAMIC_RECEIVER_NOT_EXPORTED_PERMISSION" />
24-->[androidx.core:core:1.19.0] AndroidManifest.xml:26:5-97
24-->[androidx.core:core:1.19.0] AndroidManifest.xml:26:22-94
25
26    <application
26-->src\main\AndroidManifest.xml:13:5-44:19
27        android:name="com.example.mypillpal.PillPalApplication"
27-->src\main\AndroidManifest.xml:14:9-43
28        android:allowBackup="true"
28-->src\main\AndroidManifest.xml:15:9-35
29        android:appComponentFactory="androidx.core.app.CoreComponentFactory"
29-->[androidx.core:core:1.19.0] AndroidManifest.xml:28:18-86
30        android:dataExtractionRules="@xml/data_extraction_rules"
30-->src\main\AndroidManifest.xml:16:9-65
31        android:debuggable="true"
32        android:extractNativeLibs="false"
32-->INJECTED
33        android:fullBackupContent="@xml/backup_rules"
33-->src\main\AndroidManifest.xml:17:9-54
34        android:icon="@mipmap/ic_launcher"
34-->src\main\AndroidManifest.xml:18:9-43
35        android:label="@string/app_name"
35-->src\main\AndroidManifest.xml:19:9-41
36        android:roundIcon="@mipmap/ic_launcher_round"
36-->src\main\AndroidManifest.xml:20:9-54
37        android:supportsRtl="true"
37-->src\main\AndroidManifest.xml:21:9-35
38        android:testOnly="true"
39        android:theme="@style/Theme.MyPillPal" >
39-->src\main\AndroidManifest.xml:22:9-47
40        <activity
40-->src\main\AndroidManifest.xml:23:9-35:20
41            android:name="com.example.mypillpal.MainActivity"
41-->src\main\AndroidManifest.xml:24:13-41
42            android:configChanges="locale|layoutDirection|uiMode|screenSize|smallestScreenSize|screenLayout"
42-->src\main\AndroidManifest.xml:28:13-109
43            android:exported="true"
43-->src\main\AndroidManifest.xml:25:13-36
44            android:label="@string/app_name"
44-->src\main\AndroidManifest.xml:26:13-45
45            android:theme="@style/Theme.MyPillPal"
45-->src\main\AndroidManifest.xml:27:13-51
46            android:windowSoftInputMode="adjustResize" >
46-->src\main\AndroidManifest.xml:29:13-55
47            <intent-filter>
47-->src\main\AndroidManifest.xml:30:13-34:29
48                <action android:name="android.intent.action.MAIN" />
48-->src\main\AndroidManifest.xml:31:17-69
48-->src\main\AndroidManifest.xml:31:25-66
49
50                <category android:name="android.intent.category.LAUNCHER" />
50-->src\main\AndroidManifest.xml:33:17-77
50-->src\main\AndroidManifest.xml:33:27-74
51            </intent-filter>
52        </activity>
53
54        <receiver
54-->src\main\AndroidManifest.xml:37:9-89
55            android:name="com.example.mypillpal.reminders.ReminderReceiver"
55-->src\main\AndroidManifest.xml:37:19-61
56            android:exported="false" />
56-->src\main\AndroidManifest.xml:37:62-86
57        <receiver
57-->src\main\AndroidManifest.xml:38:9-87
58            android:name="com.example.mypillpal.reminders.ActionReceiver"
58-->src\main\AndroidManifest.xml:38:19-59
59            android:exported="false" />
59-->src\main\AndroidManifest.xml:38:60-84
60        <receiver
60-->src\main\AndroidManifest.xml:39:9-43:20
61            android:name="com.example.mypillpal.reminders.BootReceiver"
61-->src\main\AndroidManifest.xml:39:19-57
62            android:exported="true" >
62-->src\main\AndroidManifest.xml:39:58-81
63            <intent-filter>
63-->src\main\AndroidManifest.xml:40:13-42:29
64                <action android:name="android.intent.action.BOOT_COMPLETED" />
64-->src\main\AndroidManifest.xml:41:17-79
64-->src\main\AndroidManifest.xml:41:25-76
65            </intent-filter>
66        </receiver>
67        <!--
68        Service for holding metadata. Cannot be instantiated.
69        Metadata will be merged from other manifests.
70        -->
71        <service
71-->[androidx.camera:camera-core:1.5.0] AndroidManifest.xml:29:9-33:78
72            android:name="androidx.camera.core.impl.MetadataHolderService"
72-->[androidx.camera:camera-core:1.5.0] AndroidManifest.xml:30:13-75
73            android:enabled="false"
73-->[androidx.camera:camera-core:1.5.0] AndroidManifest.xml:31:13-36
74            android:exported="false" >
74-->[androidx.camera:camera-core:1.5.0] AndroidManifest.xml:32:13-37
75            <meta-data
75-->[androidx.camera:camera-camera2:1.5.0] AndroidManifest.xml:30:13-32:89
76                android:name="androidx.camera.core.impl.MetadataHolderService.DEFAULT_CONFIG_PROVIDER"
76-->[androidx.camera:camera-camera2:1.5.0] AndroidManifest.xml:31:17-103
77                android:value="androidx.camera.camera2.Camera2Config$DefaultProvider" />
77-->[androidx.camera:camera-camera2:1.5.0] AndroidManifest.xml:32:17-86
78        </service>
79
80        <activity
80-->[com.google.android.gms:play-services-base:18.5.0] AndroidManifest.xml:5:9-173
81            android:name="com.google.android.gms.common.api.GoogleApiActivity"
81-->[com.google.android.gms:play-services-base:18.5.0] AndroidManifest.xml:5:19-85
82            android:exported="false"
82-->[com.google.android.gms:play-services-base:18.5.0] AndroidManifest.xml:5:146-170
83            android:theme="@android:style/Theme.Translucent.NoTitleBar" />
83-->[com.google.android.gms:play-services-base:18.5.0] AndroidManifest.xml:5:86-145
84
85        <meta-data
85-->[com.google.android.gms:play-services-basement:18.4.0] AndroidManifest.xml:6:9-122
86            android:name="com.google.android.gms.version"
86-->[com.google.android.gms:play-services-basement:18.4.0] AndroidManifest.xml:6:20-65
87            android:value="@integer/google_play_services_version" />
87-->[com.google.android.gms:play-services-basement:18.4.0] AndroidManifest.xml:6:66-119
88
89        <activity
89-->[androidx.compose.ui:ui-tooling-android:1.11.2] AndroidManifest.xml:23:9-25:39
90            android:name="androidx.compose.ui.tooling.PreviewActivity"
90-->[androidx.compose.ui:ui-tooling-android:1.11.2] AndroidManifest.xml:24:13-71
91            android:exported="true" />
91-->[androidx.compose.ui:ui-tooling-android:1.11.2] AndroidManifest.xml:25:13-36
92
93        <provider
93-->[androidx.emoji2:emoji2:1.4.0] AndroidManifest.xml:24:9-32:20
94            android:name="androidx.startup.InitializationProvider"
94-->[androidx.emoji2:emoji2:1.4.0] AndroidManifest.xml:25:13-67
95            android:authorities="com.example.mypillpal.androidx-startup"
95-->[androidx.emoji2:emoji2:1.4.0] AndroidManifest.xml:26:13-68
96            android:exported="false" >
96-->[androidx.emoji2:emoji2:1.4.0] AndroidManifest.xml:27:13-37
97            <meta-data
97-->[androidx.emoji2:emoji2:1.4.0] AndroidManifest.xml:29:13-31:52
98                android:name="androidx.emoji2.text.EmojiCompatInitializer"
98-->[androidx.emoji2:emoji2:1.4.0] AndroidManifest.xml:30:17-75
99                android:value="androidx.startup" />
99-->[androidx.emoji2:emoji2:1.4.0] AndroidManifest.xml:31:17-49
100            <meta-data
100-->[androidx.lifecycle:lifecycle-process:2.11.0] AndroidManifest.xml:29:13-31:52
101                android:name="androidx.lifecycle.ProcessLifecycleInitializer"
101-->[androidx.lifecycle:lifecycle-process:2.11.0] AndroidManifest.xml:30:17-78
102                android:value="androidx.startup" />
102-->[androidx.lifecycle:lifecycle-process:2.11.0] AndroidManifest.xml:31:17-49
103            <meta-data
103-->[androidx.profileinstaller:profileinstaller:1.4.0] AndroidManifest.xml:29:13-31:52
104                android:name="androidx.profileinstaller.ProfileInstallerInitializer"
104-->[androidx.profileinstaller:profileinstaller:1.4.0] AndroidManifest.xml:30:17-85
105                android:value="androidx.startup" />
105-->[androidx.profileinstaller:profileinstaller:1.4.0] AndroidManifest.xml:31:17-49
106        </provider>
107
108        <uses-library
108-->[androidx.window:window:1.5.0] AndroidManifest.xml:23:9-25:40
109            android:name="androidx.window.extensions"
109-->[androidx.window:window:1.5.0] AndroidManifest.xml:24:13-54
110            android:required="false" />
110-->[androidx.window:window:1.5.0] AndroidManifest.xml:25:13-37
111        <uses-library
111-->[androidx.window:window:1.5.0] AndroidManifest.xml:26:9-28:40
112            android:name="androidx.window.sidecar"
112-->[androidx.window:window:1.5.0] AndroidManifest.xml:27:13-51
113            android:required="false" />
113-->[androidx.window:window:1.5.0] AndroidManifest.xml:28:13-37
114
115        <activity
115-->[androidx.compose.ui:ui-test-manifest:1.11.2] AndroidManifest.xml:23:9-26:79
116            android:name="androidx.activity.ComponentActivity"
116-->[androidx.compose.ui:ui-test-manifest:1.11.2] AndroidManifest.xml:24:13-63
117            android:exported="true"
117-->[androidx.compose.ui:ui-test-manifest:1.11.2] AndroidManifest.xml:25:13-36
118            android:theme="@android:style/Theme.Material.Light.NoActionBar" />
118-->[androidx.compose.ui:ui-test-manifest:1.11.2] AndroidManifest.xml:26:13-76
119
120        <service
120-->[androidx.room:room-runtime-android:2.7.0] AndroidManifest.xml:24:9-28:63
121            android:name="androidx.room.MultiInstanceInvalidationService"
121-->[androidx.room:room-runtime-android:2.7.0] AndroidManifest.xml:25:13-74
122            android:directBootAware="true"
122-->[androidx.room:room-runtime-android:2.7.0] AndroidManifest.xml:26:13-43
123            android:exported="false" />
123-->[androidx.room:room-runtime-android:2.7.0] AndroidManifest.xml:27:13-37
124
125        <receiver
125-->[androidx.profileinstaller:profileinstaller:1.4.0] AndroidManifest.xml:34:9-52:20
126            android:name="androidx.profileinstaller.ProfileInstallReceiver"
126-->[androidx.profileinstaller:profileinstaller:1.4.0] AndroidManifest.xml:35:13-76
127            android:directBootAware="false"
127-->[androidx.profileinstaller:profileinstaller:1.4.0] AndroidManifest.xml:36:13-44
128            android:enabled="true"
128-->[androidx.profileinstaller:profileinstaller:1.4.0] AndroidManifest.xml:37:13-35
129            android:exported="true"
129-->[androidx.profileinstaller:profileinstaller:1.4.0] AndroidManifest.xml:38:13-36
130            android:permission="android.permission.DUMP" >
130-->[androidx.profileinstaller:profileinstaller:1.4.0] AndroidManifest.xml:39:13-57
131            <intent-filter>
131-->[androidx.profileinstaller:profileinstaller:1.4.0] AndroidManifest.xml:40:13-42:29
132                <action android:name="androidx.profileinstaller.action.INSTALL_PROFILE" />
132-->[androidx.profileinstaller:profileinstaller:1.4.0] AndroidManifest.xml:41:17-91
132-->[androidx.profileinstaller:profileinstaller:1.4.0] AndroidManifest.xml:41:25-88
133            </intent-filter>
134            <intent-filter>
134-->[androidx.profileinstaller:profileinstaller:1.4.0] AndroidManifest.xml:43:13-45:29
135                <action android:name="androidx.profileinstaller.action.SKIP_FILE" />
135-->[androidx.profileinstaller:profileinstaller:1.4.0] AndroidManifest.xml:44:17-85
135-->[androidx.profileinstaller:profileinstaller:1.4.0] AndroidManifest.xml:44:25-82
136            </intent-filter>
137            <intent-filter>
137-->[androidx.profileinstaller:profileinstaller:1.4.0] AndroidManifest.xml:46:13-48:29
138                <action android:name="androidx.profileinstaller.action.SAVE_PROFILE" />
138-->[androidx.profileinstaller:profileinstaller:1.4.0] AndroidManifest.xml:47:17-88
138-->[androidx.profileinstaller:profileinstaller:1.4.0] AndroidManifest.xml:47:25-85
139            </intent-filter>
140            <intent-filter>
140-->[androidx.profileinstaller:profileinstaller:1.4.0] AndroidManifest.xml:49:13-51:29
141                <action android:name="androidx.profileinstaller.action.BENCHMARK_OPERATION" />
141-->[androidx.profileinstaller:profileinstaller:1.4.0] AndroidManifest.xml:50:17-95
141-->[androidx.profileinstaller:profileinstaller:1.4.0] AndroidManifest.xml:50:25-92
142            </intent-filter>
143        </receiver>
144    </application>
145
146</manifest>